<?xml version="1.0" encoding="UTF-8"?>
<testng-results ignored="0" total="11" passed="10" failed="1" skipped="0">
  <reporter-output>
  </reporter-output>
  <suite started-at="2022-02-17T19:54:33 PST" name="nopCommerce regression test suite" finished-at="2022-02-17T19:55:15 PST" duration-ms="41535">
    <groups>
    </groups>
    <test started-at="2022-02-17T19:54:33 PST" name="home page test" finished-at="2022-02-17T19:55:06 PST" duration-ms="33031">
      <class name="com.nopcommerce.tests.HomePageTest">
        <test-method is-config="true" signature="setup()[pri:0, instance:com.nopcommerce.tests.HomePageTest@48eb001a]" started-at="2022-02-17T19:54:33 PST" name="setup" finished-at="2022-02-17T19:55:05 PST" duration-ms="32056" status="PASS">
          <reporter-output>
          </reporter-output>
        </test-method> <!-- setup -->
        <test-method signature="validatePageTitleTest()[pri:1, instance:com.nopcommerce.tests.HomePageTest@48eb001a]" started-at="2022-02-17T19:55:05 PST" name="validatePageTitleTest" finished-at="2022-02-17T19:55:05 PST" duration-ms="160" status="PASS">
          <reporter-output>
          </reporter-output>
        </test-method> <!-- validatePageTitleTest -->
        <test-method signature="verifiedLogoTest()[pri:2, instance:com.nopcommerce.tests.HomePageTest@48eb001a]" started-at="2022-02-17T19:55:06 PST" name="verifiedLogoTest" finished-at="2022-02-17T19:55:06 PST" duration-ms="154" status="PASS">
          <reporter-output>
          </reporter-output>
        </test-method> <!-- verifiedLogoTest -->
        <test-method signature="verifyRegisterLinkTest()[pri:3, instance:com.nopcommerce.tests.HomePageTest@48eb001a]" started-at="2022-02-17T19:55:06 PST" name="verifyRegisterLinkTest" finished-at="2022-02-17T19:55:06 PST" duration-ms="45" status="PASS">
          <reporter-output>
          </reporter-output>
        </test-method> <!-- verifyRegisterLinkTest -->
        <test-method signature="verifyLoginLinkTest()[pri:4, instance:com.nopcommerce.tests.HomePageTest@48eb001a]" started-at="2022-02-17T19:55:06 PST" name="verifyLoginLinkTest" finished-at="2022-02-17T19:55:06 PST" duration-ms="75" status="PASS">
          <reporter-output>
          </reporter-output>
        </test-method> <!-- verifyLoginLinkTest -->
        <test-method is-config="true" signature="tearDown()[pri:0, instance:com.nopcommerce.tests.HomePageTest@48eb001a]" started-at="2022-02-17T19:55:06 PST" name="tearDown" finished-at="2022-02-17T19:55:06 PST" duration-ms="88" status="PASS">
          <reporter-output>
          </reporter-output>
        </test-method> <!-- tearDown -->
      </class> <!-- com.nopcommerce.tests.HomePageTest -->
    </test> <!-- home page test -->
    <test started-at="2022-02-17T19:54:33 PST" name="search page test" finished-at="2022-02-17T19:55:09 PST" duration-ms="36009">
      <class name="com.nopcommerce.tests.SearchPageTest">
        <test-method is-config="true" signature="setup()[pri:0, instance:com.nopcommerce.tests.SearchPageTest@1ee27d73]" started-at="2022-02-17T19:54:33 PST" name="setup" finished-at="2022-02-17T19:55:05 PST" duration-ms="32198" status="PASS">
          <reporter-output>
          </reporter-output>
        </test-method> <!-- setup -->
        <test-method is-config="true" signature="searchPageSetup()[pri:0, instance:com.nopcommerce.tests.SearchPageTest@1ee27d73]" started-at="2022-02-17T19:55:05 PST" name="searchPageSetup" finished-at="2022-02-17T19:55:06 PST" duration-ms="1010" status="PASS">
          <reporter-output>
          </reporter-output>
        </test-method> <!-- searchPageSetup -->
        <test-method signature="verifySearchPageNameTest()[pri:1, instance:com.nopcommerce.tests.SearchPageTest@1ee27d73]" started-at="2022-02-17T19:55:06 PST" name="verifySearchPageNameTest" finished-at="2022-02-17T19:55:07 PST" duration-ms="776" status="FAIL">
          <exception class="java.lang.AssertionError">
            <message>
              <![CDATA[ expected [[Ljava.lang.String;@2cb8b9bc] but found [Search]]]>
            </message>
            <full-stacktrace>
              <![CDATA[java.lang.AssertionError:  expected [[Ljava.lang.String;@2cb8b9bc] but found [Search]
at org.testng.Assert.fail(Assert.java:110)
at org.testng.Assert.failNotEquals(Assert.java:1413)
at org.testng.Assert.assertArrayEquals(Assert.java:217)
at org.testng.Assert.assertEquals(Assert.java:128)
at org.testng.Assert.assertEquals(Assert.java:643)
at com.nopcommerce.tests.SearchPageTest.verifySearchPageNameTest(SearchPageTest.java:18)
at java.base/jdk.internal.reflect.NativeMethodAccessorImpl.invoke0(Native Method)
at java.base/jdk.internal.reflect.NativeMethodAccessorImpl.invoke(NativeMethodAccessorImpl.java:62)
at java.base/jdk.internal.reflect.DelegatingMethodAccessorImpl.invoke(DelegatingMethodAccessorImpl.java:43)
at java.base/java.lang.reflect.Method.invoke(Method.java:566)
at org.testng.internal.invokers.MethodInvocationHelper.invokeMethod(MethodInvocationHelper.java:135)
at org.testng.internal.invokers.TestInvoker.invokeMethod(TestInvoker.java:673)
at org.testng.internal.invokers.TestInvoker.invokeTestMethod(TestInvoker.java:220)
at org.testng.internal.invokers.MethodRunner.runInSequence(MethodRunner.java:50)
at org.testng.internal.invokers.TestInvoker$MethodInvocationAgent.invoke(TestInvoker.java:945)
at org.testng.internal.invokers.TestInvoker.invokeTestMethods(TestInvoker.java:193)
at org.testng.internal.invokers.TestMethodWorker.invokeTestMethods(TestMethodWorker.java:146)
at org.testng.internal.invokers.TestMethodWorker.run(TestMethodWorker.java:128)
at java.base/java.util.ArrayList.forEach(ArrayList.java:1541)
at org.testng.TestRunner.privateRun(TestRunner.java:808)
at org.testng.TestRunner.run(TestRunner.java:603)
at org.testng.SuiteRunner.runTest(SuiteRunner.java:429)
at org.testng.SuiteRunner.access$000(SuiteRunner.java:32)
at org.testng.SuiteRunner$SuiteWorker.run(SuiteRunner.java:467)
at org.testng.internal.thread.ThreadUtil.lambda$execute$0(ThreadUtil.java:58)
at java.base/java.util.concurrent.FutureTask.run(FutureTask.java:264)
at java.base/java.util.concurrent.ThreadPoolExecutor.runWorker(ThreadPoolExecutor.java:1128)
at java.base/java.util.concurrent.ThreadPoolExecutor$Worker.run(ThreadPoolExecutor.java:628)
at java.base/java.lang.Thread.run(Thread.java:834)
]]>
            </full-stacktrace>
          </exception> <!-- java.lang.AssertionError -->
          <reporter-output>
          </reporter-output>
        </test-method> <!-- verifySearchPageNameTest -->
        <test-method is-config="true" signature="searchPageSetup()[pri:0, instance:com.nopcommerce.tests.SearchPageTest@1ee27d73]" started-at="2022-02-17T19:55:08 PST" name="searchPageSetup" finished-at="2022-02-17T19:55:08 PST" duration-ms="360" status="PASS">
          <reporter-output>
          </reporter-output>
        </test-method> <!-- searchPageSetup -->
        <test-method signature="verifyManufactureDropdownListTest()[pri:2, instance:com.nopcommerce.tests.SearchPageTest@1ee27d73]" started-at="2022-02-17T19:55:08 PST" name="verifyManufactureDropdownListTest" finished-at="2022-02-17T19:55:08 PST" duration-ms="280" status="PASS">
          <reporter-output>
          </reporter-output>
        </test-method> <!-- verifyManufactureDropdownListTest -->
        <test-method is-config="true" signature="searchPageSetup()[pri:0, instance:com.nopcommerce.tests.SearchPageTest@1ee27d73]" started-at="2022-02-17T19:55:08 PST" name="searchPageSetup" finished-at="2022-02-17T19:55:09 PST" duration-ms="320" status="PASS">
          <reporter-output>
          </reporter-output>
        </test-method> <!-- searchPageSetup -->
        <test-method signature="validateCategoryListTest()[pri:3, instance:com.nopcommerce.tests.SearchPageTest@1ee27d73]" started-at="2022-02-17T19:55:09 PST" name="validateCategoryListTest" finished-at="2022-02-17T19:55:09 PST" duration-ms="120" status="PASS">
          <reporter-output>
          </reporter-output>
        </test-method> <!-- validateCategoryListTest -->
        <test-method is-config="true" signature="tearDown()[pri:0, instance:com.nopcommerce.tests.SearchPageTest@1ee27d73]" started-at="2022-02-17T19:55:09 PST" name="tearDown" finished-at="2022-02-17T19:55:09 PST" duration-ms="79" status="PASS">
          <reporter-output>
          </reporter-output>
        </test-method> <!-- tearDown -->
      </class> <!-- com.nopcommerce.tests.SearchPageTest -->
    </test> <!-- search page test -->
    <test started-at="2022-02-17T19:54:33 PST" name="login page test" finished-at="2022-02-17T19:55:10 PST" duration-ms="36796">
      <class name="com.nopcommerce.tests.LoginPageTest">
        <test-method is-config="true" signature="setup()[pri:0, instance:com.nopcommerce.tests.LoginPageTest@7165d530]" started-at="2022-02-17T19:54:33 PST" name="setup" finished-at="2022-02-17T19:55:05 PST" duration-ms="32057" status="PASS">
          <reporter-output>
          </reporter-output>
        </test-method> <!-- setup -->
        <test-method is-config="true" signature="loginPageSetup()[pri:0, instance:com.nopcommerce.tests.LoginPageTest@7165d530]" started-at="2022-02-17T19:55:05 PST" name="loginPageSetup" finished-at="2022-02-17T19:55:06 PST" duration-ms="544" status="PASS">
          <reporter-output>
          </reporter-output>
        </test-method> <!-- loginPageSetup -->
        <test-method signature="verifyLoginPageNameTest()[pri:1, instance:com.nopcommerce.tests.LoginPageTest@7165d530]" started-at="2022-02-17T19:55:06 PST" name="verifyLoginPageNameTest" finished-at="2022-02-17T19:55:06 PST" duration-ms="83" status="PASS">
          <reporter-output>
          </reporter-output>
        </test-method> <!-- verifyLoginPageNameTest -->
        <test-method signature="verifyRegisterButtonStatusTest()[pri:2, instance:com.nopcommerce.tests.LoginPageTest@7165d530]" started-at="2022-02-17T19:55:06 PST" name="verifyRegisterButtonStatusTest" finished-at="2022-02-17T19:55:06 PST" duration-ms="69" status="PASS">
          <reporter-output>
          </reporter-output>
        </test-method> <!-- verifyRegisterButtonStatusTest -->
        <test-method signature="validateUserLoginTest()[pri:3, instance:com.nopcommerce.tests.LoginPageTest@7165d530]" started-at="2022-02-17T19:55:06 PST" name="validateUserLoginTest" finished-at="2022-02-17T19:55:10 PST" duration-ms="3752" status="PASS">
          <reporter-output>
          </reporter-output>
        </test-method> <!-- validateUserLoginTest -->
        <test-method is-config="true" signature="tearDown()[pri:0, instance:com.nopcommerce.tests.LoginPageTest@7165d530]" started-at="2022-02-17T19:55:10 PST" name="tearDown" finished-at="2022-02-17T19:55:10 PST" duration-ms="79" status="PASS">
          <reporter-output>
          </reporter-output>
        </test-method> <!-- tearDown -->
      </class> <!-- com.nopcommerce.tests.LoginPageTest -->
    </test> <!-- login page test -->
    <test started-at="2022-02-17T19:54:33 PST" name="register page test" finished-at="2022-02-17T19:55:15 PST" duration-ms="41535">
      <class name="com.nopcommerce.tests.RegisterPageTest">
        <test-method is-config="true" signature="setup()[pri:0, instance:com.nopcommerce.tests.RegisterPageTest@57c00115]" started-at="2022-02-17T19:54:33 PST" name="setup" finished-at="2022-02-17T19:55:05 PST" duration-ms="32114" status="PASS">
          <reporter-output>
          </reporter-output>
        </test-method> <!-- setup -->
        <test-method is-config="true" signature="registerPageSetup()[pri:0, instance:com.nopcommerce.tests.RegisterPageTest@57c00115]" started-at="2022-02-17T19:55:07 PST" name="registerPageSetup" finished-at="2022-02-17T19:55:08 PST" duration-ms="483" status="PASS">
          <reporter-output>
          </reporter-output>
        </test-method> <!-- registerPageSetup -->
        <test-method signature="registerNewUserTest(java.lang.String,java.lang.String,java.lang.String,java.lang.String,java.lang.String,java.lang.String,java.lang.String,java.lang.String,java.lang.String)[pri:0, instance:com.nopcommerce.tests.RegisterPageTest@57c00115]" started-at="2022-02-17T19:55:08 PST" name="registerNewUserTest" data-provider="getUserData" finished-at="2022-02-17T19:55:14 PST" duration-ms="6720" status="PASS">
          <params>
            <param index="0">
              <value>
                <![CDATA[Female]]>
              </value>
            </param>
            <param index="1">
              <value>
                <![CDATA[Neya]]>
              </value>
            </param>
            <param index="2">
              <value>
                <![CDATA[Kim]]>
              </value>
            </param>
            <param index="3">
              <value>
                <![CDATA[2]]>
              </value>
            </param>
            <param index="4">
              <value>
                <![CDATA[15]]>
              </value>
            </param>
            <param index="5">
              <value>
                <![CDATA[1996]]>
              </value>
            </param>
            <param index="6">
              <value>
                <![CDATA[Neya001@yahoo.com]]>
              </value>
            </param>
            <param index="7">
              <value>
                <![CDATA[google]]>
              </value>
            </param>
            <param index="8">
              <value>
                <![CDATA[test1234]]>
              </value>
            </param>
          </params>
          <reporter-output>
          </reporter-output>
        </test-method> <!-- registerNewUserTest -->
        <test-method is-config="true" signature="tearDown()[pri:0, instance:com.nopcommerce.tests.RegisterPageTest@57c00115]" started-at="2022-02-17T19:55:14 PST" name="tearDown" finished-at="2022-02-17T19:55:15 PST" duration-ms="78" status="PASS">
          <reporter-output>
          </reporter-output>
        </test-method> <!-- tearDown -->
      </class> <!-- com.nopcommerce.tests.RegisterPageTest -->
    </test> <!-- register page test -->
  </suite> <!-- nopCommerce regression test suite -->
</testng-results>
