<?xml version="1.0" encoding="UTF-8"?>
<!-- Generated by org.testng.reporters.JUnitXMLReporter -->
<testsuite ignored="0" hostname="ALis-MacBook-Pro.local" failures="1" tests="3" name="search page test" time="36.009" errors="0" timestamp="2022-02-17T19:55:09 PST">
  <testcase classname="com.nopcommerce.tests.SearchPageTest" name="verifySearchPageNameTest" time="0.776">
    <failure type="java.lang.AssertionError" message=" expected [[Ljava.lang.String;@2cb8b9bc] but found [Search]">
      <![CDATA[java.lang.AssertionError:  expected [[Ljava.lang.String;@2cb8b9bc] but found [Search]
at com.nopcommerce.tests.SearchPageTest.verifySearchPageNameTest(SearchPageTest.java:18)
at java.base/java.util.ArrayList.forEach(ArrayList.java:1541)
at java.base/java.util.concurrent.FutureTask.run(FutureTask.java:264)
at java.base/java.util.concurrent.ThreadPoolExecutor.runWorker(ThreadPoolExecutor.java:1128)
at java.base/java.util.concurrent.ThreadPoolExecutor$Worker.run(ThreadPoolExecutor.java:628)
at java.base/java.lang.Thread.run(Thread.java:834)
... Removed 23 stack frames]]>
    </failure>
  </testcase> <!-- verifySearchPageNameTest -->
  <testcase classname="com.nopcommerce.tests.SearchPageTest" name="verifyManufactureDropdownListTest" time="0.28"/>
  <testcase classname="com.nopcommerce.tests.SearchPageTest" name="validateCategoryListTest" time="0.12"/>
</testsuite> <!-- search page test -->
